[debug] [2021-08-02T14:02:22.122Z] ----------------------------------------------------------------------
[debug] [2021-08-02T14:02:22.123Z] Command:       /usr/bin/node /usr/bin/firebase deploy
[debug] [2021-08-02T14:02:22.124Z] CLI Version:   9.16.0
[debug] [2021-08-02T14:02:22.124Z] Platform:      linux
[debug] [2021-08-02T14:02:22.124Z] Node Version:  v15.11.0
[debug] [2021-08-02T14:02:22.133Z] Time:          Mon Aug 02 2021 14:02:22 GMT+0000 (Coordinated Universal Time)
[debug] [2021-08-02T14:02:22.133Z] ----------------------------------------------------------------------
[debug] 
[debug] [2021-08-02T14:02:22.183Z] > command requires scopes: ["email","openid","https://www.googleapis.com/auth/cloudplatformprojects.readonly","https://www.googleapis.com/auth/firebase","https://www.googleapis.com/auth/cloud-platform"]
[debug] [2021-08-02T14:02:22.183Z] > authorizing via signed-in user (rohithrobin2@gmail.com)
[debug] [2021-08-02T14:02:22.183Z] [iam] checking project netflix-b532c for permissions ["firebase.projects.get","firebasehosting.sites.update"]
[debug] [2021-08-02T14:02:22.185Z] >>> HTTP REQUEST POST https://cloudresourcemanager.googleapis.com/v1/projects/netflix-b532c:testIamPermissions  
 {"permissions":["firebase.projects.get","firebasehosting.sites.update"]}
[debug] [2021-08-02T14:02:27.675Z] <<< HTTP RESPONSE 200 {"content-type":"application/json; charset=UTF-8","vary":"X-Origin, Referer, Origin,Accept-Encoding","date":"Mon, 02 Aug 2021 08:33:08 GMT","server":"ESF","cache-control":"private","x-xss-protection":"0","x-frame-options":"SAMEORIGIN","x-content-type-options":"nosniff","server-timing":"gfet4t7; dur=242","alt-svc":"h3=\":443\"; ma=2592000,h3-29=\":443\"; ma=2592000,h3-T051=\":443\"; ma=2592000,h3-Q050=\":443\"; ma=2592000,h3-Q046=\":443\"; ma=2592000,h3-Q043=\":443\"; ma=2592000,quic=\":443\"; ma=2592000; v=\"46,43\"","accept-ranges":"none","transfer-encoding":"chunked"}
[debug] [2021-08-02T14:02:27.677Z] > refreshing access token with scopes: []
[debug] [2021-08-02T14:02:27.677Z] >>> HTTP REQUEST POST https://www.googleapis.com/oauth2/v3/token  
 <request body omitted>
[debug] [2021-08-02T14:02:27.900Z] <<< HTTP RESPONSE 200 {"date":"Mon, 02 Aug 2021 08:33:08 GMT","pragma":"no-cache","expires":"Mon, 01 Jan 1990 00:00:00 GMT","cache-control":"no-cache, no-store, max-age=0, must-revalidate","content-type":"application/json; charset=utf-8","vary":"X-Origin, Referer, Origin,Accept-Encoding","server":"scaffolding on HTTPServer2","x-xss-protection":"0","x-frame-options":"SAMEORIGIN","x-content-type-options":"nosniff","alt-svc":"h3=\":443\"; ma=2592000,h3-29=\":443\"; ma=2592000,h3-T051=\":443\"; ma=2592000,h3-Q050=\":443\"; ma=2592000,h3-Q046=\":443\"; ma=2592000,h3-Q043=\":443\"; ma=2592000,quic=\":443\"; ma=2592000; v=\"46,43\"","accept-ranges":"none","transfer-encoding":"chunked"}
[debug] [2021-08-02T14:02:27.911Z] >>> [apiv2][query] GET https://firebase.googleapis.com/v1beta1/projects/netflix-b532c [none]
[debug] [2021-08-02T14:02:28.319Z] <<< [apiv2][status] GET https://firebase.googleapis.com/v1beta1/projects/netflix-b532c 200
[debug] [2021-08-02T14:02:28.320Z] <<< [apiv2][body] GET https://firebase.googleapis.com/v1beta1/projects/netflix-b532c {"projectId":"netflix-b532c","projectNumber":"453365941479","displayName":"netflix-youtube","name":"projects/netflix-b532c","resources":{"hostingSite":"netflix-b532c"},"state":"ACTIVE"}
[info] 
[info] === Deploying to 'netflix-b532c'...
[info] 
[info] i  deploying hosting 
[debug] [2021-08-02T14:02:28.324Z] > refreshing access token with scopes: ["email","https://www.googleapis.com/auth/cloud-platform","https://www.googleapis.com/auth/cloudplatformprojects.readonly","https://www.googleapis.com/auth/firebase","openid"]
[debug] [2021-08-02T14:02:28.324Z] >>> HTTP REQUEST POST https://www.googleapis.com/oauth2/v3/token  
 <request body omitted>
[debug] [2021-08-02T14:02:28.531Z] <<< HTTP RESPONSE 200 {"date":"Mon, 02 Aug 2021 08:33:09 GMT","pragma":"no-cache","cache-control":"no-cache, no-store, max-age=0, must-revalidate","expires":"Mon, 01 Jan 1990 00:00:00 GMT","content-type":"application/json; charset=utf-8","vary":"X-Origin, Referer, Origin,Accept-Encoding","server":"scaffolding on HTTPServer2","x-xss-protection":"0","x-frame-options":"SAMEORIGIN","x-content-type-options":"nosniff","alt-svc":"h3=\":443\"; ma=2592000,h3-29=\":443\"; ma=2592000,h3-T051=\":443\"; ma=2592000,h3-Q050=\":443\"; ma=2592000,h3-Q046=\":443\"; ma=2592000,h3-Q043=\":443\"; ma=2592000,quic=\":443\"; ma=2592000; v=\"46,43\"","accept-ranges":"none","transfer-encoding":"chunked"}
[debug] [2021-08-02T14:02:28.540Z] >>> HTTP REQUEST POST https://firebasehosting.googleapis.com/v1beta1/sites/netflix-b532c/versions  
 {"config":{"rewrites":[{"glob":"**","path":"/index.html"}]},"labels":{"deployment-tool":"cli-firebase"}}
[debug] [2021-08-02T14:02:30.383Z] <<< HTTP RESPONSE 200 {"content-type":"application/json; charset=UTF-8","vary":"X-Origin, Referer, Origin,Accept-Encoding","date":"Mon, 02 Aug 2021 08:33:11 GMT","server":"ESF","cache-control":"private","x-xss-protection":"0","x-frame-options":"SAMEORIGIN","x-content-type-options":"nosniff","alt-svc":"h3=\":443\"; ma=2592000,h3-29=\":443\"; ma=2592000,h3-T051=\":443\"; ma=2592000,h3-Q050=\":443\"; ma=2592000,h3-Q046=\":443\"; ma=2592000,h3-Q043=\":443\"; ma=2592000,quic=\":443\"; ma=2592000; v=\"46,43\"","accept-ranges":"none","transfer-encoding":"chunked"}
[info] i  hosting[netflix-b532c]: beginning deploy... 
[info] i  hosting[netflix-b532c]: found 16 files in build 
[debug] [2021-08-02T14:02:30.569Z] > refreshing access token with scopes: []
[debug] [2021-08-02T14:02:30.569Z] >>> HTTP REQUEST POST https://www.googleapis.com/oauth2/v3/token  
 <request body omitted>
[debug] [2021-08-02T14:02:30.570Z] [hosting] hash cache [YnVpbGQ] stored for 16 files
[debug] [2021-08-02T14:02:30.571Z] [hosting][hash queue][FINAL] {"max":173,"min":17,"avg":28.5625,"active":0,"complete":16,"success":16,"errored":0,"retried":0,"total":16,"elapsed":179}
[debug] [2021-08-02T14:02:41.848Z] <<< HTTP RESPONSE 200 {"cache-control":"no-cache, no-store, max-age=0, must-revalidate","date":"Mon, 02 Aug 2021 08:33:22 GMT","pragma":"no-cache","expires":"Mon, 01 Jan 1990 00:00:00 GMT","content-type":"application/json; charset=utf-8","vary":"X-Origin, Referer, Origin,Accept-Encoding","server":"scaffolding on HTTPServer2","x-xss-protection":"0","x-frame-options":"SAMEORIGIN","x-content-type-options":"nosniff","alt-svc":"h3=\":443\"; ma=2592000,h3-29=\":443\"; ma=2592000,h3-T051=\":443\"; ma=2592000,h3-Q050=\":443\"; ma=2592000,h3-Q046=\":443\"; ma=2592000,h3-Q043=\":443\"; ma=2592000,quic=\":443\"; ma=2592000; v=\"46,43\"","accept-ranges":"none","transfer-encoding":"chunked"}
[debug] [2021-08-02T14:02:41.863Z] >>> [apiv2][query] POST https://firebasehosting.googleapis.com/v1beta1/sites/netflix-b532c/versions/b19d55d0eb69f647:populateFiles [none]
[debug] [2021-08-02T14:02:41.863Z] >>> [apiv2][body] POST https://firebasehosting.googleapis.com/v1beta1/sites/netflix-b532c/versions/b19d55d0eb69f647:populateFiles {"files":{"/asset-manifest.json":"a3d8cc44ad33e41dd2a69be69a7a05c2a63af721547f490b717576b4ebea4ea1","/index.html":"7b6a73a7a5afa488c772cf2e169622de5e19017e39c8ccd5e797cf90f9fdf6b6","/logo192.png":"1140ecb66280bd3a5e610227d0eb19bd92b73d632c740362dd20bdd5f175671a","/robots.txt":"9486af852ce71d8ddbb9bc5bd6f7a3e45740f8c66ee724d1ae2bcc4dd7d3ded0","/manifest.json":"0958a5e0c831126100c8c2d06a6bbaa665a3900f21aaff4130238a6f5a113aa1","/static/css/main.b9582b3f.chunk.css":"1ee20fda231a8cc7a8d42d5b50654f5f4f01dad1788a82bd4c26178593a08507","/static/css/main.b9582b3f.chunk.css.map":"ace115cf6d9e860d00bed9ade03e6b942ee2ca317e09135d63d0d9ae510751b4","/static/js/2.28f84b7b.chunk.js.LICENSE.txt":"1b58e6df1aa4de361cd5d09ebcbd08eb1facbcfbff42b1b4338a3128c7507779","/logo512.png":"fd3e4d8841a56bbbcfbb2186741bab5fb4083fbfbb6480bb70581a8d5b9a1c98","/favicon2.ico":"a4435238a463000b85d9dcb2dd8c8293043f96bca96b202741aeec5c3f5c132b","/static/js/main.ff9b5c1a.chunk.js":"deb739816ef9e671c709871e48069608efe0d94d99998c42ea4348dd50db2229","/static/js/runtime-main.d2cc0064.js":"46a2856c1670297383f501b56f744736ee43d2a0ee82a14d3306cf38fe96fbae","/static/js/runtime-main.d2cc0064.js.map":"8f69619f8a8cfdb97bb70d0537b2d4a89030e7a3ee0842ff8aa80691647c4397","/static/js/main.ff9b5c1a.chunk.js.map":"39adb12fd03f2fb89e6d31d670a7c5df9b0d4d68d97a8b76db44b4b75a44a176","/static/js/2.28f84b7b.chunk.js":"91336590bd3f8a7e325c127f4a0fd35af88c0dd1fe33ccd3804d6126c82be17e","/static/js/2.28f84b7b.chunk.js.map":"097b73ec78ad733eecd8a53539e084ab15efcf693458ec985a9b22a72461221d"}}
[debug] [2021-08-02T14:02:52.273Z] [populateQueue] Retrying task index 0
[debug] [2021-08-02T14:02:52.273Z] >>> [apiv2][query] POST https://firebasehosting.googleapis.com/v1beta1/sites/netflix-b532c/versions/b19d55d0eb69f647:populateFiles [none]
[debug] [2021-08-02T14:02:52.273Z] >>> [apiv2][body] POST https://firebasehosting.googleapis.com/v1beta1/sites/netflix-b532c/versions/b19d55d0eb69f647:populateFiles {"files":{"/asset-manifest.json":"a3d8cc44ad33e41dd2a69be69a7a05c2a63af721547f490b717576b4ebea4ea1","/index.html":"7b6a73a7a5afa488c772cf2e169622de5e19017e39c8ccd5e797cf90f9fdf6b6","/logo192.png":"1140ecb66280bd3a5e610227d0eb19bd92b73d632c740362dd20bdd5f175671a","/robots.txt":"9486af852ce71d8ddbb9bc5bd6f7a3e45740f8c66ee724d1ae2bcc4dd7d3ded0","/manifest.json":"0958a5e0c831126100c8c2d06a6bbaa665a3900f21aaff4130238a6f5a113aa1","/static/css/main.b9582b3f.chunk.css":"1ee20fda231a8cc7a8d42d5b50654f5f4f01dad1788a82bd4c26178593a08507","/static/css/main.b9582b3f.chunk.css.map":"ace115cf6d9e860d00bed9ade03e6b942ee2ca317e09135d63d0d9ae510751b4","/static/js/2.28f84b7b.chunk.js.LICENSE.txt":"1b58e6df1aa4de361cd5d09ebcbd08eb1facbcfbff42b1b4338a3128c7507779","/logo512.png":"fd3e4d8841a56bbbcfbb2186741bab5fb4083fbfbb6480bb70581a8d5b9a1c98","/favicon2.ico":"a4435238a463000b85d9dcb2dd8c8293043f96bca96b202741aeec5c3f5c132b","/static/js/main.ff9b5c1a.chunk.js":"deb739816ef9e671c709871e48069608efe0d94d99998c42ea4348dd50db2229","/static/js/runtime-main.d2cc0064.js":"46a2856c1670297383f501b56f744736ee43d2a0ee82a14d3306cf38fe96fbae","/static/js/runtime-main.d2cc0064.js.map":"8f69619f8a8cfdb97bb70d0537b2d4a89030e7a3ee0842ff8aa80691647c4397","/static/js/main.ff9b5c1a.chunk.js.map":"39adb12fd03f2fb89e6d31d670a7c5df9b0d4d68d97a8b76db44b4b75a44a176","/static/js/2.28f84b7b.chunk.js":"91336590bd3f8a7e325c127f4a0fd35af88c0dd1fe33ccd3804d6126c82be17e","/static/js/2.28f84b7b.chunk.js.map":"097b73ec78ad733eecd8a53539e084ab15efcf693458ec985a9b22a72461221d"}}
[debug] [2021-08-02T14:02:58.726Z] <<< [apiv2][status] POST https://firebasehosting.googleapis.com/v1beta1/sites/netflix-b532c/versions/b19d55d0eb69f647:populateFiles 200
[debug] [2021-08-02T14:02:58.727Z] <<< [apiv2][body] POST https://firebasehosting.googleapis.com/v1beta1/sites/netflix-b532c/versions/b19d55d0eb69f647:populateFiles {"uploadRequiredHashes":["a3d8cc44ad33e41dd2a69be69a7a05c2a63af721547f490b717576b4ebea4ea1","7b6a73a7a5afa488c772cf2e169622de5e19017e39c8ccd5e797cf90f9fdf6b6","ace115cf6d9e860d00bed9ade03e6b942ee2ca317e09135d63d0d9ae510751b4","1ee20fda231a8cc7a8d42d5b50654f5f4f01dad1788a82bd4c26178593a08507"],"uploadUrl":"https://upload-firebasehosting.googleapis.com/upload/sites/netflix-b532c/versions/b19d55d0eb69f647/files"}
[debug] [2021-08-02T14:02:58.729Z] >>> [apiv2][query] POST https://upload-firebasehosting.googleapis.com/upload/sites/netflix-b532c/versions/b19d55d0eb69f647/files/a3d8cc44ad33e41dd2a69be69a7a05c2a63af721547f490b717576b4ebea4ea1 [none]
[debug] [2021-08-02T14:02:58.729Z] >>> [apiv2][body] POST https://upload-firebasehosting.googleapis.com/upload/sites/netflix-b532c/versions/b19d55d0eb69f647/files/a3d8cc44ad33e41dd2a69be69a7a05c2a63af721547f490b717576b4ebea4ea1 [stream]
[debug] [2021-08-02T14:02:58.730Z] >>> [apiv2][query] POST https://upload-firebasehosting.googleapis.com/upload/sites/netflix-b532c/versions/b19d55d0eb69f647/files/7b6a73a7a5afa488c772cf2e169622de5e19017e39c8ccd5e797cf90f9fdf6b6 [none]
[debug] [2021-08-02T14:02:58.730Z] >>> [apiv2][body] POST https://upload-firebasehosting.googleapis.com/upload/sites/netflix-b532c/versions/b19d55d0eb69f647/files/7b6a73a7a5afa488c772cf2e169622de5e19017e39c8ccd5e797cf90f9fdf6b6 [stream]
[debug] [2021-08-02T14:02:58.731Z] >>> [apiv2][query] POST https://upload-firebasehosting.googleapis.com/upload/sites/netflix-b532c/versions/b19d55d0eb69f647/files/ace115cf6d9e860d00bed9ade03e6b942ee2ca317e09135d63d0d9ae510751b4 [none]
[debug] [2021-08-02T14:02:58.731Z] >>> [apiv2][body] POST https://upload-firebasehosting.googleapis.com/upload/sites/netflix-b532c/versions/b19d55d0eb69f647/files/ace115cf6d9e860d00bed9ade03e6b942ee2ca317e09135d63d0d9ae510751b4 [stream]
[debug] [2021-08-02T14:02:58.732Z] >>> [apiv2][query] POST https://upload-firebasehosting.googleapis.com/upload/sites/netflix-b532c/versions/b19d55d0eb69f647/files/1ee20fda231a8cc7a8d42d5b50654f5f4f01dad1788a82bd4c26178593a08507 [none]
[debug] [2021-08-02T14:02:58.732Z] >>> [apiv2][body] POST https://upload-firebasehosting.googleapis.com/upload/sites/netflix-b532c/versions/b19d55d0eb69f647/files/1ee20fda231a8cc7a8d42d5b50654f5f4f01dad1788a82bd4c26178593a08507 [stream]
[debug] [2021-08-02T14:02:58.733Z] [hosting][populate queue][FINAL] {"max":6456,"min":6456,"avg":6456,"active":0,"complete":1,"success":1,"errored":0,"retried":1,"total":1,"elapsed":28164}
[debug] [2021-08-02T14:02:58.733Z] [hosting] uploads queued: 4
[debug] [2021-08-02T14:03:01.084Z] <<< [apiv2][status] POST https://upload-firebasehosting.googleapis.com/upload/sites/netflix-b532c/versions/b19d55d0eb69f647/files/a3d8cc44ad33e41dd2a69be69a7a05c2a63af721547f490b717576b4ebea4ea1 200
[debug] [2021-08-02T14:03:01.084Z] <<< [apiv2][body] POST https://upload-firebasehosting.googleapis.com/upload/sites/netflix-b532c/versions/b19d55d0eb69f647/files/a3d8cc44ad33e41dd2a69be69a7a05c2a63af721547f490b717576b4ebea4ea1 [stream]
[debug] [2021-08-02T14:03:01.883Z] <<< [apiv2][status] POST https://upload-firebasehosting.googleapis.com/upload/sites/netflix-b532c/versions/b19d55d0eb69f647/files/7b6a73a7a5afa488c772cf2e169622de5e19017e39c8ccd5e797cf90f9fdf6b6 200
[debug] [2021-08-02T14:03:01.883Z] <<< [apiv2][body] POST https://upload-firebasehosting.googleapis.com/upload/sites/netflix-b532c/versions/b19d55d0eb69f647/files/7b6a73a7a5afa488c772cf2e169622de5e19017e39c8ccd5e797cf90f9fdf6b6 [stream]
[debug] [2021-08-02T14:03:06.702Z] <<< [apiv2][status] POST https://upload-firebasehosting.googleapis.com/upload/sites/netflix-b532c/versions/b19d55d0eb69f647/files/1ee20fda231a8cc7a8d42d5b50654f5f4f01dad1788a82bd4c26178593a08507 200
[debug] [2021-08-02T14:03:06.702Z] <<< [apiv2][body] POST https://upload-firebasehosting.googleapis.com/upload/sites/netflix-b532c/versions/b19d55d0eb69f647/files/1ee20fda231a8cc7a8d42d5b50654f5f4f01dad1788a82bd4c26178593a08507 [stream]
[debug] [2021-08-02T14:03:09.297Z] [uploadQueue] Retrying task ace115cf6d9e860d00bed9ade03e6b942ee2ca317e09135d63d0d9ae510751b4
[debug] [2021-08-02T14:03:09.298Z] >>> [apiv2][query] POST https://upload-firebasehosting.googleapis.com/upload/sites/netflix-b532c/versions/b19d55d0eb69f647/files/ace115cf6d9e860d00bed9ade03e6b942ee2ca317e09135d63d0d9ae510751b4 [none]
[debug] [2021-08-02T14:03:09.298Z] >>> [apiv2][body] POST https://upload-firebasehosting.googleapis.com/upload/sites/netflix-b532c/versions/b19d55d0eb69f647/files/ace115cf6d9e860d00bed9ade03e6b942ee2ca317e09135d63d0d9ae510751b4 [stream]
[debug] [2021-08-02T14:03:11.562Z] <<< [apiv2][status] POST https://upload-firebasehosting.googleapis.com/upload/sites/netflix-b532c/versions/b19d55d0eb69f647/files/ace115cf6d9e860d00bed9ade03e6b942ee2ca317e09135d63d0d9ae510751b4 200
[debug] [2021-08-02T14:03:11.562Z] <<< [apiv2][body] POST https://upload-firebasehosting.googleapis.com/upload/sites/netflix-b532c/versions/b19d55d0eb69f647/files/ace115cf6d9e860d00bed9ade03e6b942ee2ca317e09135d63d0d9ae510751b4 [stream]
[debug] [2021-08-02T14:03:11.562Z] [hosting][upload queue][FINAL] {"max":7975,"min":2265,"avg":3938,"active":0,"complete":4,"success":4,"errored":0,"retried":1,"total":4,"elapsed":12835}
[info] ✔  hosting[netflix-b532c]: file upload complete 
[debug] [2021-08-02T14:03:11.564Z] [hosting] deploy completed after 41180ms
[debug] [2021-08-02T14:03:11.566Z] [
  {
    "config": {
      "public": "build",
      "ignore": [
        "firebase.json",
        "**/.*",
        "**/node_modules/**"
      ],
      "rewrites": [
        {
          "source": "**",
          "destination": "/index.html"
        }
      ],
      "site": "netflix-b532c"
    },
    "site": "netflix-b532c",
    "version": "sites/netflix-b532c/versions/b19d55d0eb69f647"
  }
]
[info] i  hosting[netflix-b532c]: finalizing version... 
[debug] [2021-08-02T14:03:11.569Z] > refreshing access token with scopes: ["email","https://www.googleapis.com/auth/cloud-platform","https://www.googleapis.com/auth/cloudplatformprojects.readonly","https://www.googleapis.com/auth/firebase","openid"]
[debug] [2021-08-02T14:03:11.570Z] >>> HTTP REQUEST POST https://www.googleapis.com/oauth2/v3/token  
 <request body omitted>
[debug] [2021-08-02T14:03:11.771Z] <<< HTTP RESPONSE 200 {"expires":"Mon, 01 Jan 1990 00:00:00 GMT","cache-control":"no-cache, no-store, max-age=0, must-revalidate","pragma":"no-cache","date":"Mon, 02 Aug 2021 08:33:52 GMT","content-type":"application/json; charset=utf-8","vary":"X-Origin, Referer, Origin,Accept-Encoding","server":"scaffolding on HTTPServer2","x-xss-protection":"0","x-frame-options":"SAMEORIGIN","x-content-type-options":"nosniff","alt-svc":"h3=\":443\"; ma=2592000,h3-29=\":443\"; ma=2592000,h3-T051=\":443\"; ma=2592000,h3-Q050=\":443\"; ma=2592000,h3-Q046=\":443\"; ma=2592000,h3-Q043=\":443\"; ma=2592000,quic=\":443\"; ma=2592000; v=\"46,43\"","accept-ranges":"none","transfer-encoding":"chunked"}
[debug] [2021-08-02T14:03:11.788Z] >>> HTTP REQUEST PATCH https://firebasehosting.googleapis.com/v1beta1/sites/netflix-b532c/versions/b19d55d0eb69f647?updateMask=status  
 {"status":"FINALIZED"}
[debug] [2021-08-02T14:03:13.386Z] <<< HTTP RESPONSE 200 {"content-type":"application/json; charset=UTF-8","vary":"X-Origin, Referer, Origin,Accept-Encoding","date":"Mon, 02 Aug 2021 08:33:54 GMT","server":"ESF","cache-control":"private","x-xss-protection":"0","x-frame-options":"SAMEORIGIN","x-content-type-options":"nosniff","alt-svc":"h3=\":443\"; ma=2592000,h3-29=\":443\"; ma=2592000,h3-T051=\":443\"; ma=2592000,h3-Q050=\":443\"; ma=2592000,h3-Q046=\":443\"; ma=2592000,h3-Q043=\":443\"; ma=2592000,quic=\":443\"; ma=2592000; v=\"46,43\"","accept-ranges":"none","transfer-encoding":"chunked"}
[debug] [2021-08-02T14:03:13.387Z] [hosting] finalized version for netflix-b532c: {"name":"sites/netflix-b532c/versions/b19d55d0eb69f647","status":"FINALIZED","config":{"rewrites":[{"glob":"**","path":"/index.html"}]},"labels":{"deployment-tool":"cli-firebase"},"createTime":"2021-08-02T08:33:10.842438Z","createUser":{"email":"rohithrobin2@gmail.com"},"finalizeTime":"2021-08-02T08:33:54.067249Z","finalizeUser":{"email":"rohithrobin2@gmail.com"}}
[info] ✔  hosting[netflix-b532c]: version finalized 
[info] i  hosting[netflix-b532c]: releasing new version... 
[debug] [2021-08-02T14:03:13.387Z] >>> HTTP REQUEST POST https://firebasehosting.googleapis.com/v1beta1/sites/netflix-b532c/releases?version_name=sites/netflix-b532c/versions/b19d55d0eb69f647  
 {"message":null}
[debug] [2021-08-02T14:03:23.403Z] Error: getaddrinfo EAI_AGAIN firebasehosting.googleapis.com
    at GetAddrInfoReqWrap.onlookup [as oncomplete] (node:dns:69:26)
[error] 
[error] Error: Server Error. getaddrinfo EAI_AGAIN firebasehosting.googleapis.com
